<?xml version="1.0" encoding="UTF-8"?>
<testng-results skipped="0" failed="0" ignored="0" total="1" passed="1">
  <reporter-output>
  </reporter-output>
  <suite name="Default suite" duration-ms="5914" started-at="2019-02-15T17:41:48Z" finished-at="2019-02-15T17:41:54Z">
    <groups>
    </groups>
    <test name="Default test" duration-ms="5914" started-at="2019-02-15T17:41:48Z" finished-at="2019-02-15T17:41:54Z">
      <class name="com.sampleCode.Libs">
        <test-method status="PASS" signature="Login()[pri:0, instance:com.sampleCode.Libs@4c70fda8]" name="Login" duration-ms="5883" started-at="2019-02-15T17:41:48Z" finished-at="2019-02-15T17:41:54Z">
          <reporter-output>
          </reporter-output>
        </test-method> <!-- Login -->
      </class> <!-- com.sampleCode.Libs -->
    </test> <!-- Default test -->
  </suite> <!-- Default suite -->
</testng-results>
